2019-11-20 16:38:17,367 INFO o.a.j.u.JMeterUtils: Setting Locale to en_EN
2019-11-20 16:38:17,379 INFO o.a.j.JMeter: Loading user properties from: C:\apache-jmeter-5.1.1\bin\user.properties
2019-11-20 16:38:17,379 INFO o.a.j.JMeter: Loading system properties from: C:\apache-jmeter-5.1.1\bin\system.properties
2019-11-20 16:38:17,385 INFO o.a.j.JMeter: Copyright (c) 1998-2019 The Apache Software Foundation
2019-11-20 16:38:17,385 INFO o.a.j.JMeter: Version 5.1.1 r1855137
2019-11-20 16:38:17,385 INFO o.a.j.JMeter: java.version=1.8.0_221
2019-11-20 16:38:17,385 INFO o.a.j.JMeter: java.vm.name=Java HotSpot(TM) 64-Bit Server VM
2019-11-20 16:38:17,385 INFO o.a.j.JMeter: os.name=Windows 10
2019-11-20 16:38:17,385 INFO o.a.j.JMeter: os.arch=amd64
2019-11-20 16:38:17,387 INFO o.a.j.JMeter: os.version=10.0
2019-11-20 16:38:17,387 INFO o.a.j.JMeter: file.encoding=GBK
2019-11-20 16:38:17,387 INFO o.a.j.JMeter: java.awt.headless=null
2019-11-20 16:38:17,387 INFO o.a.j.JMeter: Max memory     =1073741824
2019-11-20 16:38:17,387 INFO o.a.j.JMeter: Available Processors =8
2019-11-20 16:38:17,400 INFO o.a.j.JMeter: Default Locale=English (EN)
2019-11-20 16:38:17,401 INFO o.a.j.JMeter: JMeter  Locale=English (EN)
2019-11-20 16:38:17,401 INFO o.a.j.JMeter: JMeterHome=C:\apache-jmeter-5.1.1
2019-11-20 16:38:17,401 INFO o.a.j.JMeter: user.dir  =D:\Documents\code\vue\automation-web
2019-11-20 16:38:17,401 INFO o.a.j.JMeter: PWD       =D:\Documents\code\vue\automation-web
2019-11-20 16:38:17,403 INFO o.a.j.JMeter: IP: 192.168.56.1 Name: PC-201908231905 FullName: PC-201908231905
2019-11-20 16:38:17,620 INFO o.a.j.g.a.LookAndFeelCommand: Installing Darcula LAF
2019-11-20 16:38:17,645 INFO o.a.j.g.a.LookAndFeelCommand: Using look and feel: com.bulenkov.darcula.DarculaLaf [Darcula]
2019-11-20 16:38:17,645 INFO o.a.j.JMeter: Setting LAF to: com.bulenkov.darcula.DarculaLaf
2019-11-20 16:38:17,707 INFO o.a.j.JMeter: Loaded icon properties from org/apache/jmeter/images/icon.properties
2019-11-20 16:38:19,141 INFO o.a.j.p.h.s.HTTPSamplerBase: Parser for text/html is org.apache.jmeter.protocol.http.parser.LagartoBasedHtmlParser
2019-11-20 16:38:19,141 INFO o.a.j.p.h.s.HTTPSamplerBase: Parser for application/xhtml+xml is org.apache.jmeter.protocol.http.parser.LagartoBasedHtmlParser
2019-11-20 16:38:19,141 INFO o.a.j.p.h.s.HTTPSamplerBase: Parser for application/xml is org.apache.jmeter.protocol.http.parser.LagartoBasedHtmlParser
2019-11-20 16:38:19,141 INFO o.a.j.p.h.s.HTTPSamplerBase: Parser for text/xml is org.apache.jmeter.protocol.http.parser.LagartoBasedHtmlParser
2019-11-20 16:38:19,142 INFO o.a.j.p.h.s.HTTPSamplerBase: Parser for text/vnd.wap.wml is org.apache.jmeter.protocol.http.parser.RegexpHTMLParser
2019-11-20 16:38:19,142 INFO o.a.j.p.h.s.HTTPSamplerBase: Parser for text/css is org.apache.jmeter.protocol.http.parser.CssParser
2019-11-20 16:38:20,759 INFO o.a.j.e.KeyToolUtils: keytool found at 'keytool'
2019-11-20 16:38:20,760 INFO o.a.j.p.h.p.ProxyControl: HTTP(S) Test Script Recorder SSL Proxy will use keys that support embedded 3rd party resources in file C:\apache-jmeter-5.1.1\bin\proxyserver.jks
2019-11-20 16:38:20,884 INFO o.a.j.s.FileServer: Default base='D:\Documents\code\vue\automation-web'
2019-11-20 16:38:21,589 INFO o.a.j.s.SampleResult: Note: Sample TimeStamps are START times
2019-11-20 16:38:21,589 INFO o.a.j.s.SampleResult: sampleresult.default.encoding is set to ISO-8859-1
2019-11-20 16:38:21,589 INFO o.a.j.s.SampleResult: sampleresult.useNanoTime=true
2019-11-20 16:38:21,590 INFO o.a.j.s.SampleResult: sampleresult.nanoThreadSleep=5000
2019-11-20 16:38:33,010 INFO o.a.j.g.a.Load: Loading file: C:\Users\Administrator\Desktop\jmeter自动化脚本\拣选测试用例\Picking - 1019.jmx
2019-11-20 16:38:33,010 INFO o.a.j.s.FileServer: Set new base='C:\Users\Administrator\Desktop\jmeter自动化脚本\拣选测试用例'
2019-11-20 16:38:33,146 INFO o.a.j.s.SaveService: Testplan (JMX) version: 2.2. Testlog (JTL) version: 2.2
2019-11-20 16:38:33,160 INFO o.a.j.s.SaveService: Using SaveService properties file encoding UTF-8
2019-11-20 16:38:33,162 INFO o.a.j.s.SaveService: Using SaveService properties version 5.0
2019-11-20 16:38:33,164 INFO o.a.j.s.SaveService: Loading file: C:\Users\Administrator\Desktop\jmeter自动化脚本\拣选测试用例\Picking - 1019.jmx
2019-11-20 16:38:34,397 INFO o.a.j.s.FileServer: Set new base='C:\Users\Administrator\Desktop\jmeter自动化脚本\拣选测试用例'
